-----> Building on the Heroku-24 stack
-----> Using buildpack: heroku/nodejs
-----> Node.js app detected
       
-----> Creating runtime environment
       
       NPM_CONFIG_LOGLEVEL=error
       NODE_VERBOSE=false
       NODE_ENV=production
       NODE_MODULES_CACHE=true
       
-----> Installing binaries
       engines.node (package.json):   18.x
       engines.npm (package.json):    >=9.0.0
       
       Resolving node version 18.x...
       Downloading and installing node 18.20.8...
       Bootstrapping npm >=9.0.0 (replacing 10.8.2)...
       npm 10.9.3 installed
       
-----> Restoring cache
       - npm cache
       
-----> Installing dependencies
       Installing node modules
       
       added 537 packages, and audited 538 packages in 6s
       
       72 packages are looking for funding
         run `npm fund` for details
       
       11 vulnerabilities (3 low, 7 moderate, 1 critical)
       
       To address issues that do not require attention, run:
         npm audit fix
       
       To address all issues (including breaking changes), run:
         npm audit fix --force
       
       Run `npm audit` for details.
       
-----> Build
       Detected both "build" and "heroku-postbuild" scripts
       Running heroku-postbuild
       
       > rest-express@1.0.0 heroku-postbuild
       > npm run build
       
       
       > rest-express@1.0.0 build
       > tsc && vite build
       
       client/src/pages/settings.tsx(124,42): error TS2339: Property 'matchingThreshold' does not exist on type '{}'.
       client/src/pages/settings.tsx(127,39): error TS2339: Property 'autoRefresh' does not exist on type '{}'.
       client/src/pages/settings.tsx(128,43): error TS2339: Property 'refreshInterval' does not exist on type '{}'.
       client/src/pages/settings.tsx(129,39): error TS2339: Property 'lastRefresh' does not exist on type '{}'.
       client/src/pages/settings.tsx(130,37): error TS2339: Property 'total' does not exist on type '{}'.
       client/src/pages/settings.tsx(286,22): error TS2339: Property 'firstName' does not exist on type '{}'.
       client/src/pages/settings.tsx(287,21): error TS2339: Property 'lastName' does not exist on type '{}'.
       client/src/pages/settings.tsx(288,18): error TS2339: Property 'email' does not exist on type '{}'.
       client/src/pages/settings.tsx(289,21): error TS2339: Property 'bbecGuid' does not exist on type '{}'.
       client/src/pages/settings.tsx(290,17): error TS2339: Property 'buid' does not exist on type '{}'.
       client/src/pages/settings.tsx(296,24): error TS2339: Property 'firstName' does not exist on type '{}'.
       client/src/pages/settings.tsx(297,23): error TS2339: Property 'lastName' does not exist on type '{}'.
       client/src/pages/settings.tsx(298,20): error TS2339: Property 'email' does not exist on type '{}'.
       client/src/pages/settings.tsx(299,23): error TS2339: Property 'bbecGuid' does not exist on type '{}'.
       client/src/pages/settings.tsx(300,19): error TS2339: Property 'buid' does not exist on type '{}'.
       client/src/pages/settings.tsx(623,56): error TS18046: 'affinityTags' is of type 'unknown'.
       client/src/pages/settings.tsx(628,28): error TS18046: 'affinityTags' is of type 'unknown'.
       client/src/pages/settings.tsx(635,33): error TS2461: Type 'unknown' is not an array type.
       client/src/pages/settings.tsx(678,65): error TS2339: Property 'total' does not exist on type '{}'.
       client/src/pages/settings.tsx(683,58): error TS2339: Property 'lastRefresh' does not exist on type '{}'.
       server/lib/soap-client.ts(607,55): error TS1501: This regular expression flag is only available when targeting 'es2018' or later.
       server/routes.ts(220,41): error TS2339: Property 'contactLevel' does not exist on type 'ExtractedInteractionInfo'.
       server/routes.ts(515,15): error TS2345: Argument of type '{}' is not assignable to parameter of type 'ExtractedInteractionInfo'.
         Type '{}' is missing the following properties from type 'ExtractedInteractionInfo': summary, category, subcategory, professionalInterests, and 4 more.
       server/routes.ts(915,89): error TS2345: Argument of type '{}' is not assignable to parameter of type 'ExtractedInteractionInfo'.
         Type '{}' is missing the following properties from type 'ExtractedInteractionInfo': summary, category, subcategory, professionalInterests, and 4 more.
       server/routes.ts(921,9): error TS2345: Argument of type '{}' is not assignable to parameter of type 'ExtractedInteractionInfo'.
         Type '{}' is missing the following properties from type 'ExtractedInteractionInfo': summary, category, subcategory, professionalInterests, and 4 more.
       server/routes.ts(1141,89): error TS2345: Argument of type 'unknown' is not assignable to parameter of type 'ExtractedInteractionInfo'.
       server/routes.ts(1155,51): error TS2554: Expected 3 arguments, but got 2.
       server/routes.ts(1165,51): error TS2554: Expected 3 arguments, but got 2.
       server/routes.ts(1173,13): error TS2322: Type 'unknown' is not assignable to type 'Json | undefined'.
       server/storage.ts(178,11): error TS2322: Type '{ id: number; userId: any; createdAt: Date; updatedAt: Date; status: string; transcript: string | null; method: string; summary: string; prospectName: string; contactLevel: string; ... 17 more ...; isDraft?: boolean | ... 1 more ... | undefined; }' is not assignable to type '{ method: string; summary: string; id: number; status: string; transcript: string | null; prospectName: string; contactLevel: string; actualDate: Date; owner: string | null; category: string; ... 17 more ...; updatedAt: Date; }'.
         Types of property 'owner' are incompatible.
           Type 'string | null | undefined' is not assignable to type 'string | null'.
             Type 'undefined' is not assignable to type 'string | null'.
       server/storage.ts(181,33): error TS2339: Property 'userId' does not exist on type '{ method: string; summary: string; prospectName: string; contactLevel: string; actualDate: Date; category: string; subcategory: string; status?: string | undefined; transcript?: string | null | undefined; ... 14 more ...; isDraft?: boolean | ... 1 more ... | undefined; }'.
       server/storage.ts(308,5): error TS2322: Type '{ updatedAt: Date; autoRefresh?: boolean | null | undefined; refreshInterval?: string | null | undefined; lastRefresh?: Date | null | undefined; totalTags?: number | null | undefined; nextRefresh?: Date | ... 1 more ... | undefined; matchingThreshold?: number | ... 1 more ... | undefined; id: number; }' is not assignable to type '{ id: number; updatedAt: Date; autoRefresh: boolean | null; refreshInterval: string | null; lastRefresh: Date | null; totalTags: number | null; nextRefresh: Date | null; matchingThreshold: number | null; }'.
         Types of property 'autoRefresh' are incompatible.
           Type 'boolean | null | undefined' is not assignable to type 'boolean | null'.
             Type 'undefined' is not assignable to type 'boolean | null'.
       server/storage.ts(362,31): error TS2339: Property 'db' does not exist on type 'DatabaseStorage'.
       server/storage.ts(505,5): error TS2322: Type '{ id: number; updatedAt: Date; autoRefresh: true | null; refreshInterval: string | null; lastRefresh: Date | null; totalTags: number | null; nextRefresh: Date | null; matchingThreshold: number | null; }' is not assignable to type 'void'.
       server/vite.ts(40,5): error TS2322: Type '{ middlewareMode: boolean; hmr: { server: Server<typeof IncomingMessage, typeof ServerResponse>; }; host: string; allowedHosts: (string | RegExp)[]; ... 13 more ...; headers?: OutgoingHttpHeaders; }' is not assignable to type 'ServerOptions'.
         Types of property 'allowedHosts' are incompatible.
           Type '(string | RegExp)[]' is not assignable to type 'true | string[] | undefined'.
             Type '(string | RegExp)[]' is not assignable to type 'string[]'.
               Type 'string | RegExp' is not assignable to type 'string'.
                 Type 'RegExp' is not assignable to type 'string'.
       vite.config.ts(22,48): error TS2769: No overload matches this call.
         The last overload gave the following error.
           Type 'RegExp' is not assignable to type 'string'.
-----> Build failed
       
       We're sorry this build is failing! You can troubleshoot common issues here:
       https://devcenter.heroku.com/articles/troubleshooting-node-deploys
       
       If you're stuck, please submit a ticket so we can help:
       https://help.heroku.com/
       
       Love,
       Heroku
       
 !     Push rejected, failed to compile Node.js app.
 !     Push failed